<?xml version="1.0" encoding="UTF-8"?>
<testsuite name="MainMenuTest" tests="4" skipped="0" failures="0" errors="0" timestamp="2018-06-08T21:31:49" hostname="Diegos-MacBook-Pro.local" time="0.055">
  <properties/>
  <testcase name="getChosenOptionWasCalled" classname="MainMenuTest" time="0.001"/>
  <testcase name="getMenuOptionsReturnStringMenu" classname="MainMenuTest" time="0.05"/>
  <testcase name="getMenuOptionsWasCalled" classname="MainMenuTest" time="0.001"/>
  <testcase name="getMenuOptionsIsNotEmpty" classname="MainMenuTest" time="0.002"/>
  <system-out><![CDATA[]]></system-out>
  <system-err><![CDATA[]]></system-err>
</testsuite>
